2009-05-28 12:06:03 Notice: Notice (1024): Please change the value of 'Security.salt' in app/config/core.php to a salt value specific to your application in [CORE/cake/libs/debugger.php, line 557]
2009-05-28 12:39:25 Notice: Notice (1024): Please change the value of 'Security.salt' in app/config/core.php to a salt value specific to your application in [CORE/cake/libs/debugger.php, line 557]
2009-05-29 09:09:15 Notice: Notice (1024): Please change the value of 'Security.salt' in app/config/core.php to a salt value specific to your application in [CORE/cake/libs/debugger.php, line 557]
2009-06-16 01:12:06 Notice: Notice (1024): Please change the value of 'Security.salt' in app/config/core.php to a salt value specific to your application in [CORE/cake/libs/debugger.php, line 557]
2009-06-16 01:28:28 Notice: Notice (1024): Please change the value of 'Security.salt' in app/config/core.php to a salt value specific to your application in [CORE/cake/libs/debugger.php, line 557]
2009-06-16 01:28:54 Notice: Notice (1024): Please change the value of 'Security.salt' in app/config/core.php to a salt value specific to your application in [CORE/cake/libs/debugger.php, line 557]
2009-06-16 01:28:58 Notice: Notice (1024): Please change the value of 'Security.salt' in app/config/core.php to a salt value specific to your application in [CORE/cake/libs/debugger.php, line 557]
2009-06-16 01:29:02 Notice: Notice (1024): Please change the value of 'Security.salt' in app/config/core.php to a salt value specific to your application in [CORE/cake/libs/debugger.php, line 557]
2009-06-16 01:29:04 Notice: Notice (1024): Please change the value of 'Security.salt' in app/config/core.php to a salt value specific to your application in [CORE/cake/libs/debugger.php, line 557]
2009-07-01 15:24:36 Notice: Notice (1024): Please change the value of 'Security.salt' in app/config/core.php to a salt value specific to your application in [CORE/cake/libs/debugger.php, line 557]
2009-07-01 15:24:49 Notice: Notice (1024): Please change the value of 'Security.salt' in app/config/core.php to a salt value specific to your application in [CORE/cake/libs/debugger.php, line 557]
2009-07-09 18:58:33 Notice: Notice (1024): Please change the value of 'Security.salt' in app/config/core.php to a salt value specific to your application in [CORE/CakePHP 1.2.x.x/cake/libs/debugger.php, line 557]
2009-07-09 19:01:59 Notice: Notice (8): Undefined variable: resource in [APP/views/layouts/default.ctp, line 12]
2009-07-09 19:11:11 Notice: Notice (8): Undefined variable: javascript in [APP/views/layouts/default.ctp, line 12]
2009-07-09 19:13:13 Notice: Notice (8): Undefined variable: javascript in [APP/views/layouts/default.ctp, line 12]
2009-07-09 22:59:29 Notice: Notice (8): Undefined index:  posts_count in [APP/views/users/index.ctp, line 3]
2009-07-09 23:35:50 Notice: Notice (8): Undefined index:  database in [CORE/CakePHP 1.2.x.x/cake/libs/model/datasources/datasource.php, line 211]
2009-07-09 23:36:14 Notice: Notice (8): Undefined index:  database in [CORE/CakePHP 1.2.x.x/cake/libs/model/datasources/datasource.php, line 211]
2009-07-09 23:37:45 Notice: Notice (8): Undefined index:  database in [CORE/CakePHP 1.2.x.x/cake/libs/model/datasources/datasource.php, line 211]
2009-07-09 23:40:03 Notice: Notice (8): Undefined index:  database in [CORE/CakePHP 1.2.x.x/cake/libs/model/datasources/datasource.php, line 211]
2009-07-09 23:40:03 Notice: Notice (8): Undefined variable: tweets in [APP/views/tweets/index.ctp, line 2]
2009-07-09 23:40:24 Notice: Notice (8): Undefined index:  database in [CORE/CakePHP 1.2.x.x/cake/libs/model/datasources/datasource.php, line 211]
2009-07-09 23:40:24 Notice: Notice (8): Undefined variable: tweets in [APP/views/tweets/index.ctp, line 2]
2009-07-09 23:40:56 Notice: Notice (8): Undefined variable: tweets in [APP/views/tweets/index.ctp, line 2]
2009-07-09 23:41:18 Notice: Notice (8): Undefined variable: tweets in [APP/views/tweets/index.ctp, line 2]
2009-07-09 23:41:40 Notice: Notice (8): Undefined variable: tweets in [APP/views/tweets/index.ctp, line 2]
2009-07-09 23:42:11 Notice: Notice (8): Undefined variable: tweets in [APP/views/tweets/index.ctp, line 2]
2009-07-09 23:43:53 Notice: Notice (8): Undefined variable: tweets in [APP/views/tweets/index.ctp, line 2]
2009-07-09 23:44:15 Notice: Notice (8): Undefined variable: tweets in [APP/views/tweets/index.ctp, line 2]
2009-07-09 23:49:08 Notice: Notice (8): Undefined index:  conditiotns in [APP/models/datasources/twitter_source.php, line 22]
2009-07-09 23:49:09 Notice: Notice (8): Undefined variable: tweets in [APP/views/tweets/index.ctp, line 2]
2009-07-09 23:49:21 Notice: Notice (8): Undefined variable: tweets in [APP/views/tweets/index.ctp, line 2]
2009-07-09 23:49:29 Notice: Notice (8): Undefined variable: tweets in [APP/views/tweets/index.ctp, line 2]
2009-07-09 23:49:35 Notice: Notice (8): Undefined variable: tweets in [APP/views/tweets/index.ctp, line 2]
2009-07-09 23:50:08 Notice: Notice (8): Undefined variable: tweets in [APP/views/tweets/index.ctp, line 2]
2009-07-09 23:51:40 Notice: Notice (8): Undefined variable: tweets in [APP/views/tweets/index.ctp, line 1]
2009-07-10 00:03:24 Notice: Notice (8): Undefined index:  length in [CORE/CakePHP 1.2.x.x/cake/libs/model/model.php, line 1216]
